#
# A fatal error has been detected by the Java Runtime Environment:
#
#  Internal Error (javaClasses.cpp:124), pid=9576, tid=4928
#  fatal error: Invalid layout of preloaded class
#
# JRE version:  (8.0_05-b13) (build )
# Java VM: Java HotSpot(TM) 64-Bit Server VM (25.5-b02 mixed mode windows-amd64 compressed oops)
# Failed to write core dump. Minidumps are not enabled by default on client versions of Windows
#
# If you would like to submit a bug report, please visit:
#   http://bugreport.sun.com/bugreport/crash.jsp
#

---------------  T H R E A D  ---------------

Current thread (0x0000000002c7f800):  JavaThread "Unknown thread" [_thread_in_vm, id=4928, stack(0x0000000002eb0000,0x0000000002fb0000)]

Stack: [0x0000000002eb0000,0x0000000002fb0000]
Native frames: (J=compiled Java code, j=interpreted, Vv=VM code, C=native code)
V  [jvm.dll+0x308dea]
V  [jvm.dll+0x25def1]
V  [jvm.dll+0x25eb0f]
V  [jvm.dll+0x256466]
V  [jvm.dll+0x5d33c]
V  [jvm.dll+0x5d433]
V  [jvm.dll+0x71d2a]
V  [jvm.dll+0x72088]
V  [jvm.dll+0xe1607]
V  [jvm.dll+0xe1996]
V  [jvm.dll+0x1f13e7]
V  [jvm.dll+0x2227c4]
V  [jvm.dll+0x149f71]
C  [javaw.exe+0x208a]
C  [javaw.exe+0xc9db]
C  [javaw.exe+0xca6f]
C  [kernel32.dll+0x159cd]
C  [ntdll.dll+0x2b891]


---------------  P R O C E S S  ---------------

Java Threads: ( => current thread )

Other Threads:

=>0x0000000002c7f800 (exited) JavaThread "Unknown thread" [_thread_in_vm, id=4928, stack(0x0000000002eb0000,0x0000000002fb0000)]

VM state:not at safepoint (not fully initialized)

VM Mutex/Monitor currently owned by a thread: None

GC Heap History (0 events):
No events

Deoptimization events (0 events):
No events

Internal exceptions (0 events):
No events

Events (10 events):
Event: 0.016 loading class java/lang/CharSequence done
Event: 0.016 loading class java/lang/String done
Event: 0.016 loading class java/lang/Class
Event: 0.016 loading class java/lang/reflect/AnnotatedElement
Event: 0.017 loading class java/lang/reflect/AnnotatedElement done
Event: 0.017 loading class java/lang/reflect/GenericDeclaration
Event: 0.017 loading class java/lang/reflect/GenericDeclaration done
Event: 0.017 loading class java/lang/reflect/Type
Event: 0.017 loading class java/lang/reflect/Type done
Event: 0.017 loading class java/lang/Class done


Dynamic libraries:
0x000000013fd80000 - 0x000000013fdb4000 	C:\Program Files\Java\jdk1.8.0_05\bin\javaw.exe
0x00000000777e0000 - 0x0000000077988000 	C:\windows\SYSTEM32\ntdll.dll
0x00000000775c0000 - 0x00000000776df000 	C:\windows\system32\kernel32.dll
0x000007fefd800000 - 0x000007fefd86c000 	C:\windows\system32\KERNELBASE.dll
0x000007feff650000 - 0x000007feff72b000 	C:\windows\system32\ADVAPI32.dll
0x000007feff450000 - 0x000007feff4ef000 	C:\windows\system32\msvcrt.dll
0x000007fefe5b0000 - 0x000007fefe5cf000 	C:\windows\SYSTEM32\sechost.dll
0x000007fefe090000 - 0x000007fefe1bd000 	C:\windows\system32\RPCRT4.dll
0x00000000776e0000 - 0x00000000777da000 	C:\windows\system32\USER32.dll
0x000007fefe650000 - 0x000007fefe6b7000 	C:\windows\system32\GDI32.dll
0x000007feff7e0000 - 0x000007feff7ee000 	C:\windows\system32\LPK.dll
0x000007feff890000 - 0x000007feff959000 	C:\windows\system32\USP10.dll
0x000007fefc630000 - 0x000007fefc824000 	C:\windows\WinSxS\amd64_microsoft.windows.common-controls_6595b64144ccf1df_6.0.7601.18837_none_fa3b1e3d17594757\COMCTL32.dll
0x000007feff4f0000 - 0x000007feff561000 	C:\windows\system32\SHLWAPI.dll
0x000007fefd960000 - 0x000007fefd98e000 	C:\windows\system32\IMM32.DLL
0x000007fefdf50000 - 0x000007fefe059000 	C:\windows\system32\MSCTF.dll
0x000007fefd4c0000 - 0x000007fefd4fc000 	C:\Windows\system32\nvinitx.dll
0x000000000f000000 - 0x000000000f006000 	C:\Program Files\NVIDIA Corporation\CoProcManager\_etoured.dll
0x000007fefa780000 - 0x000007fefa7c4000 	C:\Program Files\NVIDIA Corporation\CoProcManager\nvd3d9wrapx.dll
0x000007fefe3d0000 - 0x000007fefe5a7000 	C:\windows\system32\SETUPAPI.dll
0x000007fefd920000 - 0x000007fefd956000 	C:\windows\system32\CFGMGR32.dll
0x000007feff570000 - 0x000007feff647000 	C:\windows\system32\OLEAUT32.dll
0x000007fefe1c0000 - 0x000007fefe3c3000 	C:\windows\system32\ole32.dll
0x000007fefd8f0000 - 0x000007fefd90a000 	C:\windows\system32\DEVOBJ.dll
0x000007fefa720000 - 0x000007fefa762000 	C:\Program Files\NVIDIA Corporation\CoProcManager\nvdxgiwrapx.dll
0x000007fefd2c0000 - 0x000007fefd33c000 	C:\Windows\system32\guard64.dll
0x00000000779a0000 - 0x00000000779a7000 	C:\windows\system32\PSAPI.DLL
0x000007fefd2a0000 - 0x000007fefd2ac000 	C:\windows\system32\VERSION.dll
0x000007fefd290000 - 0x000007fefd299000 	C:\windows\system32\fltlib.dll
0x0000000058500000 - 0x00000000585d2000 	C:\Program Files\Java\jdk1.8.0_05\jre\bin\msvcr100.dll
0x00000000607d0000 - 0x0000000060ffa000 	C:\Program Files\Java\jdk1.8.0_05\jre\bin\server\jvm.dll
0x000007fef8ae0000 - 0x000007fef8ae9000 	C:\windows\system32\WSOCK32.dll
0x000007feff790000 - 0x000007feff7dd000 	C:\windows\system32\WS2_32.dll
0x000007fefe060000 - 0x000007fefe068000 	C:\windows\system32\NSI.dll
0x000007fefbf30000 - 0x000007fefbf6b000 	C:\windows\system32\WINMM.dll
0x0000000069b70000 - 0x0000000069b7f000 	C:\Program Files\Java\jdk1.8.0_05\jre\bin\verify.dll
0x00000000607a0000 - 0x00000000607c8000 	C:\Program Files\Java\jdk1.8.0_05\jre\bin\java.dll
0x0000000060780000 - 0x0000000060796000 	C:\Program Files\Java\jdk1.8.0_05\jre\bin\zip.dll
0x000007fee4f20000 - 0x000007fee5045000 	C:\windows\system32\dbghelp.dll

VM Arguments:
jvm_args: -Dfile.encoding=UTF-8 -Xbootclasspath:D:\Eclipse\3.7-64bit\plugins\android-sdk-windows\platforms\android-17\android.jar 
java_command: cqx.acc.util.Utils
java_class_path (initial): H:\Work\WorkSpace\luna\Acc\libs\dom4j-1.6.1.jar;H:\Work\WorkSpace\luna\slidingmenu_library\libs\android-support-v4.jar;H:\Work\WorkSpace\luna\slidingmenu_library\bin\slidingmenu_library.jar;H:\Work\WorkSpace\luna\Acc\bin\classes
Launcher Type: SUN_STANDARD

Environment Variables:
JAVA_HOME=C:\Program Files\Java\jdk1.8.0_05
PATH=C:/Program Files/Java/jdk1.8.0_05/bin/../jre/bin/server;C:/Program Files/Java/jdk1.8.0_05/bin/../jre/bin;C:/Program Files/Java/jdk1.8.0_05/bin/../jre/lib/amd64;D:\Document\oracle\product\11.2.0\dbhome_2\bin;C:\Program Files (x86)\Common Files\NetSarang;C:\Program Files (x86)\Borland\Delphi7\Bin;C:\Program Files (x86)\Borland\Delphi7\Projects\Bpl\;C:\windows\system32;C:\windows;C:\windows\System32\Wbem;C:\windows\System32\WindowsPowerShell\v1.0\;C:\Program Files (x86)\Lenovo\Access Connections\;C:\PROGRA~2\BOSSFL~1\tuxedo\bin;C:\PROGRA~2\BOSSFL~1;C:\Program Files\ThinkPad\Bluetooth Software\;C:\Program Files\ThinkPad\Bluetooth Software\syswow64;D:\Program Files\Git\cmd;C:\windows\system32\config\systemprofile\.dnx\bin;C:\Program Files\Microsoft DNX\Dnvm\;C:\Program Files\Microsoft SQL Server\130\Tools\Binn\;C:\Program Files (x86)\Windows Kits\8.1\Windows Performance Toolkit\;C:\Program Files\TortoiseSVN\bin;C:\Users\user\.dnx\bin;C:\Program Files\Java\jdk1.8.0_05\bin;C:\Program Files (x86)\CVSNT\;H:\Program Files\apache\apache-maven-3.1.1\bin;D:\Program Files\MySQL\MySQL Server 5.5\bin;H:\Program Files\apache\apache-ant-1.8.1\bin;D:\Eclipse\3.7-64bit\plugins\android-sdk-windows\platform-tools;;H:\Program Files\eclipse-jee-luna-SR2;
USERNAME=user
OS=Windows_NT
PROCESSOR_IDENTIFIER=Intel64 Family 6 Model 42 Stepping 7, GenuineIntel



---------------  S Y S T E M  ---------------

OS: Windows 7 , 64 bit Build 7601 Service Pack 1

CPU:total 4 (2 cores per cpu, 2 threads per core) family 6 model 42 stepping 7, cmov, cx8, fxsr, mmx, sse, sse2, sse3, ssse3, sse4.1, sse4.2, popcnt, avx, aes, clmul, ht, tsc, tscinvbit

Memory: 4k page, physical 8269040k(2356504k free), swap 8267188k(1663084k free)

vm_info: Java HotSpot(TM) 64-Bit Server VM (25.5-b02) for windows-amd64 JRE (1.8.0_05-b13), built on Mar 18 2014 01:08:39 by "java_re" with MS VC++ 10.0 (VS2010)

time: Thu Oct 06 18:51:41 2016
elapsed time: 0 seconds

